[0m14:22:06.646168 [debug] [MainThread]: Sending event: {'category': 'dbt', 'action': 'invocation', 'label': 'start', 'context': [<snowplow_tracker.self_describing_json.SelfDescribingJson object at 0x0000026B4592C2F0>, <snowplow_tracker.self_describing_json.SelfDescribingJson object at 0x0000026B45BCC8F0>, <snowplow_tracker.self_describing_json.SelfDescribingJson object at 0x0000026B45BCEB70>]}


============================== 14:22:06.658162 | 1979adbd-5064-4a34-b6bd-cca273f456c8 ==============================
[0m14:22:06.658162 [info ] [MainThread]: Running with dbt=1.11.2
[0m14:22:06.660275 [debug] [MainThread]: running dbt with arguments {'static_parser': 'True', 'no_print': 'None', 'version_check': 'True', 'warn_error_options': 'WarnErrorOptionsV2(error=[], warn=[], silence=[])', 'target_path': 'None', 'printer_width': '80', 'write_json': 'True', 'introspect': 'True', 'log_cache_events': 'False', 'empty': 'None', 'cache_selected_only': 'False', 'fail_fast': 'False', 'debug': 'False', 'log_format': 'default', 'profiles_dir': 'C:\\Users\\Akhilesh Rawat\\.dbt', 'send_anonymous_usage_stats': 'True', 'quiet': 'False', 'warn_error': 'None', 'partial_parse': 'True', 'indirect_selection': 'eager', 'use_colors': 'True', 'invocation_command': 'dbt init', 'use_experimental_parser': 'False', 'log_path': 'logs'}
[0m14:22:06.994436 [info ] [MainThread]: Creating dbt configuration folder at C:\Users\Akhilesh Rawat\.dbt
[0m14:28:57.347806 [debug] [MainThread]: Starter project path: C:\Users\Akhilesh Rawat\AppData\Local\Packages\PythonSoftwareFoundation.Python.3.12_qbz5n2kfra8p0\LocalCache\local-packages\Python312\site-packages\dbt\include\starter_project
[0m14:28:57.392802 [info ] [MainThread]: 
Your new dbt project "aws_dbt_snowflake_project" was created!

For more information on how to configure the profiles.yml file,
please consult the dbt documentation here:

  https://docs.getdbt.com/docs/configure-your-profile

One more thing:

Need help? Don't hesitate to reach out to us via GitHub issues or on Slack:

  https://community.getdbt.com/

Happy modeling!

[0m14:28:57.397864 [info ] [MainThread]: Setting up your profile.
[0m14:29:27.535077 [debug] [MainThread]: Snowflake adapter: Setting snowflake.connector to ERROR (file logging only)
[0m14:29:27.535077 [debug] [MainThread]: Snowflake adapter: Setting botocore to ERROR (file logging only)
[0m14:29:27.535077 [debug] [MainThread]: Snowflake adapter: Setting boto3 to ERROR (file logging only)
[0m14:34:20.334920 [info ] [MainThread]: Profile aws_dbt_snowflake_project written to C:\Users\Akhilesh Rawat\.dbt\profiles.yml using target's profile_template.yml and your supplied values. Run 'dbt debug' to validate the connection.
[0m14:34:20.334920 [debug] [MainThread]: Command `dbt init` succeeded at 14:34:20.334920 after 733.79 seconds
[0m14:34:20.334920 [debug] [MainThread]: Sending event: {'category': 'dbt', 'action': 'invocation', 'label': 'end', 'context': [<snowplow_tracker.self_describing_json.SelfDescribingJson object at 0x0000026B424158E0>, <snowplow_tracker.self_describing_json.SelfDescribingJson object at 0x0000026B71B46FC0>, <snowplow_tracker.self_describing_json.SelfDescribingJson object at 0x0000026B740F8980>]}
[0m14:34:20.334920 [debug] [MainThread]: Flushing usage events
[0m14:34:23.052021 [debug] [MainThread]: An error was encountered while trying to flush usage events
